{
  "RSpec": {
    "coverage": {
      "/home/declarative-state-6159/tic-tac-toe-rb-online-web-sp-000/lib/tic_tac_toe.rb": [
        null,
        1,
        5,
        5,
        5,
        5,
        5,
        null,
        null,
        null,
        1,
        null,
        null,
        null,
        null,
        null,
        null,
        null,
        null,
        null,
        null,
        1,
        9322,
        null,
        null,
        null,
        1,
        6,
        null,
        null,
        null,
        1,
        9336,
        null,
        null,
        null,
        1,
        9322,
        null,
        null,
        null,
        1,
        9320,
        9319,
        9319,
        9319,
        3,
        3,
        null,
        9316,
        9316,
        null,
        null,
        null,
        null,
        1,
        5,
        5,
        45,
        5,
        null,
        null,
        5,
        null,
        null,
        null,
        1,
        4,
        null,
        null,
        null,
        1,
        16,
        113,
        113,
        113,
        null,
        113,
        null,
        null,
        null,
        null,
        null,
        1,
        6,
        40,
        null,
        null,
        null,
        null,
        1,
        7,
        null,
        null,
        null,
        1,
        3,
        null,
        null,
        null,
        1,
        3,
        null,
        null,
        null,
        1,
        1,
        1,
        1,
        null,
        0,
        0,
        null,
        0,
        null,
        null
      ]
    },
    "timestamp": 1593349119
  }
}
