{
  "RSpec": {
    "coverage": {
      "/home/declarative-state-6159/tic-tac-toe-rb-online-web-sp-000/lib/tic_tac_toe.rb": [
        null,
        1,
        12,
        12,
        12,
        12,
        12,
        null,
        null,
        null,
        1,
        null,
        null,
        null,
        null,
        null,
        null,
        null,
        null,
        null,
        null,
        1,
        14,
        null,
        null,
        null,
        1,
        13,
        null,
        null,
        null,
        1,
        44,
        null,
        null,
        null,
        1,
        14,
        null,
        null,
        null,
        1,
        11,
        11,
        11,
        11,
        10,
        10,
        null,
        1,
        1,
        null,
        null,
        null,
        null,
        1,
        12,
        12,
        108,
        9,
        null,
        null,
        12,
        null,
        null,
        null,
        1,
        11,
        null,
        null,
        null,
        1,
        20,
        145,
        145,
        145,
        null,
        145,
        null,
        null,
        null,
        null,
        null,
        1,
        7,
        41,
        null,
        null,
        null,
        null,
        1,
        8,
        null,
        null,
        null,
        1,
        5,
        null,
        null,
        null,
        1,
        3,
        null,
        null,
        null,
        1,
        5,
        8,
        null,
        null,
        5,
        1,
        null,
        4,
        null,
        null
      ]
    },
    "timestamp": 1593350969
  }
}
